[debug] [2021-09-17T02:06:03.264Z] ----------------------------------------------------------------------
[debug] [2021-09-17T02:06:03.266Z] Command:       C:\Program Files\nodejs\node.exe C:\Users\Jiahong\AppData\Roaming\npm\node_modules\firebase-tools\lib\bin\firebase.js init
[debug] [2021-09-17T02:06:03.266Z] CLI Version:   9.5.0
[debug] [2021-09-17T02:06:03.266Z] Platform:      win32
[debug] [2021-09-17T02:06:03.266Z] Node Version:  v14.16.0
[debug] [2021-09-17T02:06:03.267Z] Time:          Thu Sep 16 2021 21:06:03 GMT-0500 (Central Daylight Time)
[debug] [2021-09-17T02:06:03.268Z] ----------------------------------------------------------------------
[debug] [2021-09-17T02:06:03.268Z] 
[debug] [2021-09-17T02:06:03.274Z] > command requires scopes: ["email","openid","https://www.googleapis.com/auth/cloudplatformprojects.readonly","https://www.googleapis.com/auth/firebase","https://www.googleapis.com/auth/cloud-platform"]
[debug] [2021-09-17T02:06:03.275Z] > authorizing via signed-in user
[info] 
     ######## #### ########  ######## ########     ###     ######  ########
     ##        ##  ##     ## ##       ##     ##  ##   ##  ##       ##
     ######    ##  ########  ######   ########  #########  ######  ######
     ##        ##  ##    ##  ##       ##     ## ##     ##       ## ##
     ##       #### ##     ## ######## ########  ##     ##  ######  ########

You're about to initialize a Firebase project in this directory:

  C:\Users\Jiahong\dbPayments

Before we get started, keep in mind:

  * You are initializing in an existing Firebase project directory

[info] 
=== Project Setup
[info] 
[info] First, let's associate this project directory with a Firebase project.
[info] You can create multiple project aliases by running firebase use --add, 
[info] but for now we'll just set up a default project.
[info] 
[info] i  .firebaserc already has a default project, using hack-hal2021. 
[debug] [2021-09-17T02:06:50.900Z] >>> [apiv2][query] GET https://firebase.googleapis.com/v1beta1/projects/hack-hal2021 [none]
[debug] [2021-09-17T02:06:51.321Z] <<< [apiv2][status] GET https://firebase.googleapis.com/v1beta1/projects/hack-hal2021 403
[debug] [2021-09-17T02:06:51.321Z] <<< [apiv2][body] GET https://firebase.googleapis.com/v1beta1/projects/hack-hal2021 {"error":{"code":403,"message":"The caller does not have permission","status":"PERMISSION_DENIED"}}
[debug] [2021-09-17T02:06:51.322Z] HTTP Error: 403, The caller does not have permission
[debug] [2021-09-17T02:06:51.435Z] FirebaseError: HTTP Error: 403, The caller does not have permission
    at module.exports (C:\Users\Jiahong\AppData\Roaming\npm\node_modules\firebase-tools\lib\responseToError.js:38:12)
    at Client.doRequest (C:\Users\Jiahong\AppData\Roaming\npm\node_modules\firebase-tools\lib\apiv2.js:238:23)
    at processTicksAndRejections (internal/process/task_queues.js:93:5)
    at async Client.request (C:\Users\Jiahong\AppData\Roaming\npm\node_modules\firebase-tools\lib\apiv2.js:96:20)
    at async Object.getFirebaseProject (C:\Users\Jiahong\AppData\Roaming\npm\node_modules\firebase-tools\lib\management\projects.js:289:21)
    at async Object.doSetup [as project] (C:\Users\Jiahong\AppData\Roaming\npm\node_modules\firebase-tools\lib\init\features\project.js:77:27)
    at async init (C:\Users\Jiahong\AppData\Roaming\npm\node_modules\firebase-tools\lib\init\index.js:19:9)
[error] 
[error] Error: Failed to get Firebase project hack-hal2021. Please make sure the project exists and your account has permission to access it.
